<?xml version="1.0" encoding="UTF-8"?>
<coverage generated="1679749302784" clover="3.2.0">
  <project timestamp="1679749302784" name="All files">
    <metrics statements="22" coveredstatements="20" conditionals="4" coveredconditionals="2" methods="10" coveredmethods="10" elements="36" coveredelements="32" complexity="0" loc="22" ncloc="22" packages="1" files="1" classes="1"/>
    <file name="custom-set.ts" path="/Users/ats/Documents/Packages/custom-set/src/custom-set.ts">
      <metrics statements="22" coveredstatements="20" conditionals="4" coveredconditionals="2" methods="10" coveredmethods="10"/>
      <line num="6" count="1" type="stmt"/>
      <line num="13" count="6" type="stmt"/>
      <line num="15" count="6" type="stmt"/>
      <line num="16" count="13" type="stmt"/>
      <line num="18" count="13" type="cond" truecount="1" falsecount="0"/>
      <line num="19" count="12" type="stmt"/>
      <line num="21" count="12" type="stmt"/>
      <line num="24" count="1" type="stmt"/>
      <line num="32" count="3" type="stmt"/>
      <line num="39" count="1" type="stmt"/>
      <line num="50" count="1" type="stmt"/>
      <line num="52" count="1" type="cond" truecount="0" falsecount="1"/>
      <line num="53" count="0" type="stmt"/>
      <line num="56" count="1" type="stmt"/>
      <line num="57" count="1" type="stmt"/>
      <line num="69" count="1" type="cond" truecount="1" falsecount="0"/>
      <line num="70" count="1" type="stmt"/>
      <line num="71" count="1" type="stmt"/>
      <line num="73" count="0" type="stmt"/>
      <line num="81" count="1" type="stmt"/>
      <line num="82" count="2" type="stmt"/>
      <line num="84" count="1" type="stmt"/>
    </file>
  </project>
</coverage>
