{"/Users/ats/Documents/Packages/custom-set/src/custom-set.ts": {"path":"/Users/ats/Documents/Packages/custom-set/src/custom-set.ts","statementMap":{"0":{"start":{"line":13,"column":32},"end":{"line":13,"column":34}},"1":{"start":{"line":15,"column":4},"end":{"line":25,"column":7}},"2":{"start":{"line":16,"column":26},"end":{"line":16,"column":56}},"3":{"start":{"line":18,"column":6},"end":{"line":22,"column":null}},"4":{"start":{"line":19,"column":8},"end":{"line":19,"column":35}},"5":{"start":{"line":21,"column":8},"end":{"line":21,"column":20}},"6":{"start":{"line":24,"column":6},"end":{"line":24,"column":19}},"7":{"start":{"line":32,"column":4},"end":{"line":32,"column":22}},"8":{"start":{"line":39,"column":4},"end":{"line":39,"column":53}},"9":{"start":{"line":39,"column":37},"end":{"line":39,"column":51}},"10":{"start":{"line":50,"column":24},"end":{"line":50,"column":70}},"11":{"start":{"line":50,"column":55},"end":{"line":50,"column":69}},"12":{"start":{"line":52,"column":4},"end":{"line":54,"column":null}},"13":{"start":{"line":53,"column":6},"end":{"line":53,"column":19}},"14":{"start":{"line":56,"column":4},"end":{"line":56,"column":38}},"15":{"start":{"line":57,"column":4},"end":{"line":57,"column":16}},"16":{"start":{"line":69,"column":4},"end":{"line":72,"column":null}},"17":{"start":{"line":70,"column":6},"end":{"line":70,"column":28}},"18":{"start":{"line":71,"column":6},"end":{"line":71,"column":18}},"19":{"start":{"line":73,"column":4},"end":{"line":73,"column":17}},"20":{"start":{"line":6,"column":0},"end":{"line":6,"column":13}},"21":{"start":{"line":81,"column":12},"end":{"line":85,"column":null}},"22":{"start":{"line":82,"column":19},"end":{"line":82,"column":71}},"23":{"start":{"line":82,"column":50},"end":{"line":82,"column":70}},"24":{"start":{"line":84,"column":4},"end":{"line":84,"column":25}}},"fnMap":{"0":{"name":"(anonymous_1)","decl":{"start":{"line":12,"column":2},"end":{"line":12,"column":14}},"loc":{"start":{"line":12,"column":29},"end":{"line":26,"column":3}}},"1":{"name":"(anonymous_2)","decl":{"start":{"line":15,"column":30},"end":{"line":15,"column":31}},"loc":{"start":{"line":15,"column":42},"end":{"line":25,"column":5}}},"2":{"name":"(anonymous_3)","decl":{"start":{"line":31,"column":2},"end":{"line":31,"column":6}},"loc":{"start":{"line":31,"column":11},"end":{"line":33,"column":3}}},"3":{"name":"(anonymous_4)","decl":{"start":{"line":38,"column":2},"end":{"line":38,"column":11}},"loc":{"start":{"line":38,"column":22},"end":{"line":40,"column":3}}},"4":{"name":"(anonymous_5)","decl":{"start":{"line":39,"column":27},"end":{"line":39,"column":28}},"loc":{"start":{"line":39,"column":37},"end":{"line":39,"column":51}}},"5":{"name":"(anonymous_6)","decl":{"start":{"line":49,"column":2},"end":{"line":49,"column":14}},"loc":{"start":{"line":49,"column":25},"end":{"line":58,"column":3}}},"6":{"name":"(anonymous_7)","decl":{"start":{"line":50,"column":45},"end":{"line":50,"column":46}},"loc":{"start":{"line":50,"column":55},"end":{"line":50,"column":69}}},"7":{"name":"(anonymous_8)","decl":{"start":{"line":68,"column":2},"end":{"line":68,"column":5}},"loc":{"start":{"line":68,"column":13},"end":{"line":74,"column":3}}},"8":{"name":"_CustomSet_isUnique","decl":{"start":{"line":81,"column":12},"end":{"line":81,"column":20}},"loc":{"start":{"line":81,"column":20},"end":{"line":85,"column":3}}},"9":{"name":"(anonymous_10)","decl":{"start":{"line":82,"column":40},"end":{"line":82,"column":41}},"loc":{"start":{"line":82,"column":50},"end":{"line":82,"column":70}}}},"branchMap":{"0":{"loc":{"start":{"line":12,"column":14},"end":{"line":12,"column":29}},"type":"default-arg","locations":[{"start":{"line":12,"column":27},"end":{"line":12,"column":29}}]},"1":{"loc":{"start":{"line":18,"column":6},"end":{"line":22,"column":null}},"type":"if","locations":[{"start":{"line":18,"column":6},"end":{"line":22,"column":null}}]},"2":{"loc":{"start":{"line":52,"column":4},"end":{"line":54,"column":null}},"type":"if","locations":[{"start":{"line":52,"column":4},"end":{"line":54,"column":null}}]},"3":{"loc":{"start":{"line":69,"column":4},"end":{"line":72,"column":null}},"type":"if","locations":[{"start":{"line":69,"column":4},"end":{"line":72,"column":null}}]}},"s":{"0":6,"1":6,"2":13,"3":13,"4":12,"5":12,"6":1,"7":3,"8":1,"9":1,"10":1,"11":1,"12":1,"13":0,"14":1,"15":1,"16":1,"17":1,"18":1,"19":0,"20":1,"21":1,"22":1,"23":2,"24":1},"f":{"0":6,"1":13,"2":3,"3":1,"4":1,"5":1,"6":1,"7":1,"8":1,"9":2},"b":{"0":[0],"1":[12],"2":[0],"3":[1]}}
}
