TN:
SF:src/custom-set.ts
FN:12,(anonymous_1)
FN:15,(anonymous_2)
FN:31,(anonymous_3)
FN:38,(anonymous_4)
FN:39,(anonymous_5)
FN:49,(anonymous_6)
FN:50,(anonymous_7)
FN:68,(anonymous_8)
FN:81,_CustomSet_isUnique
FN:82,(anonymous_10)
FNF:10
FNH:10
FNDA:6,(anonymous_1)
FNDA:13,(anonymous_2)
FNDA:3,(anonymous_3)
FNDA:1,(anonymous_4)
FNDA:1,(anonymous_5)
FNDA:1,(anonymous_6)
FNDA:1,(anonymous_7)
FNDA:1,(anonymous_8)
FNDA:1,_CustomSet_isUnique
FNDA:2,(anonymous_10)
DA:6,1
DA:13,6
DA:15,6
DA:16,13
DA:18,13
DA:19,12
DA:21,12
DA:24,1
DA:32,3
DA:39,1
DA:50,1
DA:52,1
DA:53,0
DA:56,1
DA:57,1
DA:69,1
DA:70,1
DA:71,1
DA:73,0
DA:81,1
DA:82,2
DA:84,1
LF:22
LH:20
BRDA:12,0,0,0
BRDA:18,1,0,12
BRDA:52,2,0,0
BRDA:69,3,0,1
BRF:4
BRH:2
end_of_record
